<?xml version="1.0" encoding="UTF-8"?>
<!-- Generated by org.testng.reporters.JUnitReportReporter -->
<testsuite hostname="LAPTOP-3FC1F8QA" failures="0" tests="1" name="com.simplilearn.testNG.ProjectRedBusTestNG.check" time="0.017" errors="0" timestamp="2023-12-21T15:54:00 IST" skipped="0">
  <testcase classname="com.simplilearn.testNG.ProjectRedBusTestNG.check" name="verifyTitle" time="0.017"/>
</testsuite> <!-- com.simplilearn.testNG.ProjectRedBusTestNG.check -->
